<?xml version="1.0" encoding="UTF-8"?>
<!-- Generated by org.testng.reporters.JUnitReportReporter -->
<testsuite hostname="DESKTOP-MEL0TQP" failures="0" tests="1" name="test_scripts.TestClass1" time="42.646" errors="0" timestamp="2025-01-15T19:28:23 IST" skipped="0">
  <testcase classname="test_scripts.TestClass1" name="tc_01" time="42.646"/>
</testsuite> <!-- test_scripts.TestClass1 -->
