<?xml version="1.0" encoding="UTF-8"?>
<!-- Generated by org.testng.reporters.JUnitReportReporter -->
<testsuite hostname="DESKTOP-MEL0TQP" failures="0" tests="1" name="test_scripts.TestClass1_test" time="35.835" errors="0" timestamp="2025-01-16T18:20:42 IST" skipped="0">
  <testcase classname="test_scripts.TestClass1_test" name="tc_01_test" time="35.835"/>
</testsuite> <!-- test_scripts.TestClass1_test -->
