<?xml version="1.0" encoding="UTF-8"?>
<!-- Generated by org.testng.reporters.JUnitReportReporter -->
<testsuite hostname="DESKTOP-MEL0TQP" failures="0" tests="1" name="test_scripts.TestClass1_test" time="36.267" errors="0" timestamp="2025-01-21T19:29:38 IST" skipped="0">
  <testcase classname="test_scripts.TestClass1_test" name="tc_01_test" time="36.267"/>
</testsuite> <!-- test_scripts.TestClass1_test -->
